<?xml version="1.0" encoding="UTF-8"?>
<!-- Generated by org.testng.reporters.JUnitReportReporter -->
<testsuite hostname="LAPTOP-9HVRT89O" failures="0" tests="1" name="flipcard.App" time="35.000" errors="0" timestamp="2024-03-14T14:29:50 IST" skipped="0">
  <testcase classname="flipcard.App" name="testFlipkart" time="35.000"/>
</testsuite> <!-- flipcard.App -->
